{"D:\\Reto\\star-wars-api\\src\\people\\Controller.js": {"path":"D:\\Reto\\star-wars-api\\src\\people\\Controller.js","statementMap":{"0":{"start":{"line":1,"column":16},"end":{"line":1,"column":37}},"1":{"start":{"line":4,"column":4},"end":{"line":4,"column":43}},"2":{"start":{"line":8,"column":4},"end":{"line":8,"column":44}},"3":{"start":{"line":11,"column":0},"end":{"line":14,"column":2}}},"fnMap":{"0":{"name":"getAllPeople","decl":{"start":{"line":3,"column":15},"end":{"line":3,"column":27}},"loc":{"start":{"line":3,"column":37},"end":{"line":5,"column":1}},"line":3},"1":{"name":"getPeopleById","decl":{"start":{"line":7,"column":15},"end":{"line":7,"column":28}},"loc":{"start":{"line":7,"column":38},"end":{"line":9,"column":1}},"line":7}},"branchMap":{},"s":{"0":2,"1":4,"2":3,"3":2},"f":{"0":4,"1":3},"b":{},"_coverageSchema":"1a1c01bbd47fc00a2c39e90264f33305004495a9","hash":"408dc68c2465c438481840f4e0b2feb688eaf19a"}
,"D:\\Reto\\star-wars-api\\src\\people\\Service.js": {"path":"D:\\Reto\\star-wars-api\\src\\people\\Service.js","statementMap":{"0":{"start":{"line":1,"column":19},"end":{"line":1,"column":42}},"1":{"start":{"line":2,"column":23},"end":{"line":2,"column":57}},"2":{"start":{"line":3,"column":26},"end":{"line":3,"column":63}},"3":{"start":{"line":6,"column":4},"end":{"line":20,"column":5}},"4":{"start":{"line":7,"column":25},"end":{"line":7,"column":32}},"5":{"start":{"line":8,"column":23},"end":{"line":8,"column":62}},"6":{"start":{"line":9,"column":8},"end":{"line":15,"column":9}},"7":{"start":{"line":10,"column":12},"end":{"line":10,"column":56}},"8":{"start":{"line":11,"column":12},"end":{"line":14,"column":14}},"9":{"start":{"line":16,"column":8},"end":{"line":16,"column":45}},"10":{"start":{"line":18,"column":8},"end":{"line":18,"column":29}},"11":{"start":{"line":19,"column":8},"end":{"line":19,"column":20}},"12":{"start":{"line":24,"column":4},"end":{"line":38,"column":5}},"13":{"start":{"line":25,"column":23},"end":{"line":25,"column":30}},"14":{"start":{"line":26,"column":23},"end":{"line":26,"column":61}},"15":{"start":{"line":27,"column":8},"end":{"line":33,"column":9}},"16":{"start":{"line":28,"column":12},"end":{"line":28,"column":56}},"17":{"start":{"line":29,"column":12},"end":{"line":32,"column":14}},"18":{"start":{"line":34,"column":8},"end":{"line":34,"column":42}},"19":{"start":{"line":36,"column":8},"end":{"line":36,"column":29}},"20":{"start":{"line":37,"column":8},"end":{"line":37,"column":20}},"21":{"start":{"line":41,"column":0},"end":{"line":44,"column":2}}},"fnMap":{"0":{"name":"fetchAllPeople","decl":{"start":{"line":5,"column":15},"end":{"line":5,"column":29}},"loc":{"start":{"line":5,"column":39},"end":{"line":21,"column":1}},"line":5},"1":{"name":"fetchPeopleById","decl":{"start":{"line":23,"column":15},"end":{"line":23,"column":30}},"loc":{"start":{"line":23,"column":40},"end":{"line":39,"column":1}},"line":23}},"branchMap":{"0":{"loc":{"start":{"line":9,"column":8},"end":{"line":15,"column":9}},"type":"if","locations":[{"start":{"line":9,"column":8},"end":{"line":15,"column":9}},{"start":{},"end":{}}],"line":9},"1":{"loc":{"start":{"line":27,"column":8},"end":{"line":33,"column":9}},"type":"if","locations":[{"start":{"line":27,"column":8},"end":{"line":33,"column":9}},{"start":{},"end":{}}],"line":27}},"s":{"0":2,"1":2,"2":2,"3":4,"4":4,"5":4,"6":4,"7":1,"8":1,"9":3,"10":0,"11":0,"12":3,"13":3,"14":3,"15":3,"16":1,"17":1,"18":2,"19":0,"20":0,"21":2},"f":{"0":4,"1":3},"b":{"0":[1,3],"1":[1,2]},"_coverageSchema":"1a1c01bbd47fc00a2c39e90264f33305004495a9","hash":"7aa2ef9c93fe95a689f481e558e25131a67f8e60"}
,"D:\\Reto\\star-wars-api\\src\\people\\models\\AllPeopleResponse.js": {"path":"D:\\Reto\\star-wars-api\\src\\people\\models\\AllPeopleResponse.js","statementMap":{"0":{"start":{"line":1,"column":21},"end":{"line":1,"column":45}},"1":{"start":{"line":2,"column":23},"end":{"line":2,"column":50}},"2":{"start":{"line":6,"column":16},"end":{"line":15,"column":5}},"3":{"start":{"line":12,"column":32},"end":{"line":12,"column":88}},"4":{"start":{"line":12,"column":57},"end":{"line":12,"column":80}},"5":{"start":{"line":16,"column":4},"end":{"line":16,"column":35}},"6":{"start":{"line":20,"column":0},"end":{"line":20,"column":35}}},"fnMap":{"0":{"name":"(anonymous_0)","decl":{"start":{"line":5,"column":2},"end":{"line":5,"column":3}},"loc":{"start":{"line":5,"column":19},"end":{"line":17,"column":3}},"line":5},"1":{"name":"(anonymous_1)","decl":{"start":{"line":12,"column":23},"end":{"line":12,"column":24}},"loc":{"start":{"line":12,"column":32},"end":{"line":12,"column":88}},"line":12},"2":{"name":"(anonymous_2)","decl":{"start":{"line":12,"column":48},"end":{"line":12,"column":49}},"loc":{"start":{"line":12,"column":57},"end":{"line":12,"column":80}},"line":12}},"branchMap":{"0":{"loc":{"start":{"line":12,"column":32},"end":{"line":12,"column":88}},"type":"cond-expr","locations":[{"start":{"line":12,"column":40},"end":{"line":12,"column":81}},{"start":{"line":12,"column":84},"end":{"line":12,"column":88}}],"line":12}},"s":{"0":2,"1":2,"2":3,"3":3,"4":4,"5":3,"6":2},"f":{"0":3,"1":3,"2":4},"b":{"0":[2,1]},"_coverageSchema":"1a1c01bbd47fc00a2c39e90264f33305004495a9","hash":"df1f405c717348205f996a4f62a404c6ea10b06f"}
,"D:\\Reto\\star-wars-api\\src\\people\\models\\PeopleResponse.js": {"path":"D:\\Reto\\star-wars-api\\src\\people\\models\\PeopleResponse.js","statementMap":{"0":{"start":{"line":1,"column":21},"end":{"line":1,"column":45}},"1":{"start":{"line":5,"column":16},"end":{"line":23,"column":5}},"2":{"start":{"line":24,"column":4},"end":{"line":24,"column":35}},"3":{"start":{"line":28,"column":0},"end":{"line":28,"column":32}}},"fnMap":{"0":{"name":"(anonymous_0)","decl":{"start":{"line":4,"column":2},"end":{"line":4,"column":3}},"loc":{"start":{"line":4,"column":19},"end":{"line":25,"column":3}},"line":4}},"branchMap":{},"s":{"0":2,"1":6,"2":6,"3":2},"f":{"0":6},"b":{},"_coverageSchema":"1a1c01bbd47fc00a2c39e90264f33305004495a9","hash":"8d4d2983b9a907c1d03e9104dd7b5d3e63c158aa"}
,"D:\\Reto\\star-wars-api\\src\\people\\support\\Constants.js": {"path":"D:\\Reto\\star-wars-api\\src\\people\\support\\Constants.js","statementMap":{"0":{"start":{"line":1,"column":0},"end":{"line":3,"column":2}}},"fnMap":{},"branchMap":{},"s":{"0":2},"f":{},"b":{},"_coverageSchema":"1a1c01bbd47fc00a2c39e90264f33305004495a9","hash":"cce9d6152b1486dd27f6172e1cfe1d429029fc71"}
,"D:\\Reto\\star-wars-api\\src\\planets\\Controller.js": {"path":"D:\\Reto\\star-wars-api\\src\\planets\\Controller.js","statementMap":{"0":{"start":{"line":1,"column":16},"end":{"line":1,"column":37}},"1":{"start":{"line":2,"column":19},"end":{"line":2,"column":42}},"2":{"start":{"line":5,"column":4},"end":{"line":5,"column":37}},"3":{"start":{"line":9,"column":4},"end":{"line":9,"column":44}},"4":{"start":{"line":13,"column":4},"end":{"line":13,"column":48}},"5":{"start":{"line":14,"column":4},"end":{"line":14,"column":46}},"6":{"start":{"line":18,"column":4},"end":{"line":18,"column":52}},"7":{"start":{"line":19,"column":4},"end":{"line":19,"column":38}},"8":{"start":{"line":22,"column":0},"end":{"line":27,"column":2}}},"fnMap":{"0":{"name":"getAllPlanets","decl":{"start":{"line":4,"column":15},"end":{"line":4,"column":28}},"loc":{"start":{"line":4,"column":31},"end":{"line":6,"column":1}},"line":4},"1":{"name":"getPlanetById","decl":{"start":{"line":8,"column":15},"end":{"line":8,"column":28}},"loc":{"start":{"line":8,"column":38},"end":{"line":10,"column":1}},"line":8},"2":{"name":"getPlanetByName","decl":{"start":{"line":12,"column":15},"end":{"line":12,"column":30}},"loc":{"start":{"line":12,"column":40},"end":{"line":15,"column":1}},"line":12},"3":{"name":"addPlanet","decl":{"start":{"line":17,"column":15},"end":{"line":17,"column":24}},"loc":{"start":{"line":17,"column":34},"end":{"line":20,"column":1}},"line":17}},"branchMap":{},"s":{"0":4,"1":4,"2":2,"3":2,"4":3,"5":2,"6":3,"7":2,"8":4},"f":{"0":2,"1":2,"2":3,"3":3},"b":{},"_coverageSchema":"1a1c01bbd47fc00a2c39e90264f33305004495a9","hash":"fb6305a3801177aa47b6c21447db18240d2ba4ac"}
,"D:\\Reto\\star-wars-api\\src\\planets\\Service.js": {"path":"D:\\Reto\\star-wars-api\\src\\planets\\Service.js","statementMap":{"0":{"start":{"line":1,"column":19},"end":{"line":1,"column":42}},"1":{"start":{"line":2,"column":22},"end":{"line":2,"column":56}},"2":{"start":{"line":3,"column":23},"end":{"line":3,"column":58}},"3":{"start":{"line":4,"column":18},"end":{"line":4,"column":48}},"4":{"start":{"line":7,"column":4},"end":{"line":20,"column":5}},"5":{"start":{"line":8,"column":23},"end":{"line":8,"column":57}},"6":{"start":{"line":9,"column":8},"end":{"line":9,"column":28}},"7":{"start":{"line":10,"column":8},"end":{"line":15,"column":9}},"8":{"start":{"line":11,"column":12},"end":{"line":14,"column":14}},"9":{"start":{"line":16,"column":8},"end":{"line":16,"column":61}},"10":{"start":{"line":16,"column":36},"end":{"line":16,"column":59}},"11":{"start":{"line":18,"column":8},"end":{"line":18,"column":29}},"12":{"start":{"line":19,"column":8},"end":{"line":19,"column":20}},"13":{"start":{"line":24,"column":4},"end":{"line":37,"column":5}},"14":{"start":{"line":25,"column":23},"end":{"line":25,"column":30}},"15":{"start":{"line":26,"column":23},"end":{"line":26,"column":60}},"16":{"start":{"line":27,"column":8},"end":{"line":32,"column":9}},"17":{"start":{"line":28,"column":12},"end":{"line":31,"column":14}},"18":{"start":{"line":33,"column":8},"end":{"line":33,"column":41}},"19":{"start":{"line":35,"column":8},"end":{"line":35,"column":29}},"20":{"start":{"line":36,"column":8},"end":{"line":36,"column":20}},"21":{"start":{"line":41,"column":4},"end":{"line":54,"column":5}},"22":{"start":{"line":42,"column":27},"end":{"line":42,"column":34}},"23":{"start":{"line":43,"column":23},"end":{"line":43,"column":66}},"24":{"start":{"line":44,"column":8},"end":{"line":49,"column":9}},"25":{"start":{"line":45,"column":12},"end":{"line":48,"column":14}},"26":{"start":{"line":50,"column":8},"end":{"line":50,"column":41}},"27":{"start":{"line":52,"column":8},"end":{"line":52,"column":29}},"28":{"start":{"line":53,"column":8},"end":{"line":53,"column":20}},"29":{"start":{"line":58,"column":4},"end":{"line":74,"column":5}},"30":{"start":{"line":59,"column":27},"end":{"line":59,"column":34}},"31":{"start":{"line":60,"column":42},"end":{"line":60,"column":126}},"32":{"start":{"line":61,"column":31},"end":{"line":61,"column":92}},"33":{"start":{"line":62,"column":8},"end":{"line":67,"column":9}},"34":{"start":{"line":63,"column":12},"end":{"line":66,"column":13}},"35":{"start":{"line":68,"column":23},"end":{"line":68,"column":63}},"36":{"start":{"line":69,"column":8},"end":{"line":69,"column":28}},"37":{"start":{"line":70,"column":8},"end":{"line":70,"column":41}},"38":{"start":{"line":72,"column":8},"end":{"line":72,"column":29}},"39":{"start":{"line":73,"column":8},"end":{"line":73,"column":20}},"40":{"start":{"line":78,"column":4},"end":{"line":84,"column":5}},"41":{"start":{"line":79,"column":8},"end":{"line":79,"column":42}},"42":{"start":{"line":80,"column":8},"end":{"line":80,"column":68}},"43":{"start":{"line":82,"column":8},"end":{"line":82,"column":29}},"44":{"start":{"line":83,"column":8},"end":{"line":83,"column":20}},"45":{"start":{"line":86,"column":0},"end":{"line":91,"column":1}}},"fnMap":{"0":{"name":"fetchAllPlanets","decl":{"start":{"line":6,"column":15},"end":{"line":6,"column":30}},"loc":{"start":{"line":6,"column":33},"end":{"line":21,"column":1}},"line":6},"1":{"name":"(anonymous_1)","decl":{"start":{"line":16,"column":26},"end":{"line":16,"column":27}},"loc":{"start":{"line":16,"column":36},"end":{"line":16,"column":59}},"line":16},"2":{"name":"fetchPlanetById","decl":{"start":{"line":23,"column":15},"end":{"line":23,"column":30}},"loc":{"start":{"line":23,"column":40},"end":{"line":38,"column":1}},"line":23},"3":{"name":"fetchPlanetByName","decl":{"start":{"line":40,"column":15},"end":{"line":40,"column":32}},"loc":{"start":{"line":40,"column":42},"end":{"line":55,"column":1}},"line":40},"4":{"name":"addPlanet","decl":{"start":{"line":57,"column":15},"end":{"line":57,"column":24}},"loc":{"start":{"line":57,"column":34},"end":{"line":75,"column":1}},"line":57},"5":{"name":"_invokeLambda","decl":{"start":{"line":77,"column":15},"end":{"line":77,"column":28}},"loc":{"start":{"line":77,"column":52},"end":{"line":85,"column":1}},"line":77}},"branchMap":{"0":{"loc":{"start":{"line":10,"column":8},"end":{"line":15,"column":9}},"type":"if","locations":[{"start":{"line":10,"column":8},"end":{"line":15,"column":9}},{"start":{},"end":{}}],"line":10},"1":{"loc":{"start":{"line":27,"column":8},"end":{"line":32,"column":9}},"type":"if","locations":[{"start":{"line":27,"column":8},"end":{"line":32,"column":9}},{"start":{},"end":{}}],"line":27},"2":{"loc":{"start":{"line":44,"column":8},"end":{"line":49,"column":9}},"type":"if","locations":[{"start":{"line":44,"column":8},"end":{"line":49,"column":9}},{"start":{},"end":{}}],"line":44},"3":{"loc":{"start":{"line":62,"column":8},"end":{"line":67,"column":9}},"type":"if","locations":[{"start":{"line":62,"column":8},"end":{"line":67,"column":9}},{"start":{},"end":{}}],"line":62}},"s":{"0":4,"1":4,"2":4,"3":4,"4":2,"5":2,"6":2,"7":2,"8":1,"9":1,"10":2,"11":1,"12":1,"13":2,"14":2,"15":2,"16":2,"17":1,"18":1,"19":1,"20":1,"21":2,"22":2,"23":2,"24":2,"25":1,"26":1,"27":1,"28":1,"29":2,"30":2,"31":2,"32":2,"33":2,"34":1,"35":1,"36":1,"37":1,"38":1,"39":1,"40":2,"41":2,"42":2,"43":0,"44":0,"45":4},"f":{"0":2,"1":2,"2":2,"3":2,"4":2,"5":2},"b":{"0":[1,1],"1":[1,1],"2":[1,1],"3":[1,1]},"_coverageSchema":"1a1c01bbd47fc00a2c39e90264f33305004495a9","hash":"1d142985484154690b17b69857342c59314b015b"}
,"D:\\Reto\\star-wars-api\\src\\planets\\Validation.js": {"path":"D:\\Reto\\star-wars-api\\src\\planets\\Validation.js","statementMap":{"0":{"start":{"line":1,"column":12},"end":{"line":1,"column":26}},"1":{"start":{"line":2,"column":18},"end":{"line":2,"column":63}},"2":{"start":{"line":5,"column":19},"end":{"line":7,"column":6}},"3":{"start":{"line":8,"column":4},"end":{"line":8,"column":46}},"4":{"start":{"line":11,"column":19},"end":{"line":17,"column":6}},"5":{"start":{"line":18,"column":4},"end":{"line":18,"column":46}},"6":{"start":{"line":21,"column":0},"end":{"line":21,"column":62}}},"fnMap":{"0":{"name":"validateParamName","decl":{"start":{"line":4,"column":15},"end":{"line":4,"column":32}},"loc":{"start":{"line":4,"column":42},"end":{"line":9,"column":1}},"line":4},"1":{"name":"validateRequestPlanet","decl":{"start":{"line":10,"column":15},"end":{"line":10,"column":36}},"loc":{"start":{"line":10,"column":46},"end":{"line":19,"column":1}},"line":10}},"branchMap":{},"s":{"0":4,"1":4,"2":3,"3":3,"4":3,"5":3,"6":4},"f":{"0":3,"1":3},"b":{},"_coverageSchema":"1a1c01bbd47fc00a2c39e90264f33305004495a9","hash":"add149e5d88d2a059af03c9b3ec163164b904343"}
,"D:\\Reto\\star-wars-api\\src\\planets\\models\\PlanetResponse.js": {"path":"D:\\Reto\\star-wars-api\\src\\planets\\models\\PlanetResponse.js","statementMap":{"0":{"start":{"line":1,"column":21},"end":{"line":1,"column":45}},"1":{"start":{"line":3,"column":19},"end":{"line":5,"column":1}},"2":{"start":{"line":4,"column":4},"end":{"line":4,"column":61}},"3":{"start":{"line":9,"column":16},"end":{"line":28,"column":5}},"4":{"start":{"line":12,"column":32},"end":{"line":12,"column":62}},"5":{"start":{"line":29,"column":4},"end":{"line":29,"column":35}},"6":{"start":{"line":33,"column":0},"end":{"line":33,"column":31}}},"fnMap":{"0":{"name":"(anonymous_0)","decl":{"start":{"line":3,"column":19},"end":{"line":3,"column":20}},"loc":{"start":{"line":3,"column":30},"end":{"line":5,"column":1}},"line":3},"1":{"name":"(anonymous_1)","decl":{"start":{"line":8,"column":2},"end":{"line":8,"column":3}},"loc":{"start":{"line":8,"column":19},"end":{"line":30,"column":3}},"line":8},"2":{"name":"(anonymous_2)","decl":{"start":{"line":12,"column":23},"end":{"line":12,"column":24}},"loc":{"start":{"line":12,"column":32},"end":{"line":12,"column":62}},"line":12}},"branchMap":{"0":{"loc":{"start":{"line":4,"column":11},"end":{"line":4,"column":60}},"type":"cond-expr","locations":[{"start":{"line":4,"column":33},"end":{"line":4,"column":52}},{"start":{"line":4,"column":55},"end":{"line":4,"column":60}}],"line":4},"1":{"loc":{"start":{"line":12,"column":32},"end":{"line":12,"column":62}},"type":"cond-expr","locations":[{"start":{"line":12,"column":40},"end":{"line":12,"column":55}},{"start":{"line":12,"column":58},"end":{"line":12,"column":62}}],"line":12}},"s":{"0":4,"1":4,"2":5,"3":5,"4":5,"5":5,"6":4},"f":{"0":5,"1":5,"2":5},"b":{"0":[5,0],"1":[5,0]},"_coverageSchema":"1a1c01bbd47fc00a2c39e90264f33305004495a9","hash":"8e71b2776fe313bbf9f7057c705458a59e3bd6e6"}
,"D:\\Reto\\star-wars-api\\src\\planets\\support\\Constants.js": {"path":"D:\\Reto\\star-wars-api\\src\\planets\\support\\Constants.js","statementMap":{"0":{"start":{"line":2,"column":0},"end":{"line":5,"column":1}}},"fnMap":{},"branchMap":{},"s":{"0":4},"f":{},"b":{},"_coverageSchema":"1a1c01bbd47fc00a2c39e90264f33305004495a9","hash":"91e939fd15119a3a004f134156a17b6ab8c14267"}
,"D:\\Reto\\star-wars-api\\src\\planets\\support\\ServiceSupport.js": {"path":"D:\\Reto\\star-wars-api\\src\\planets\\support\\ServiceSupport.js","statementMap":{"0":{"start":{"line":2,"column":4},"end":{"line":2,"column":40}},"1":{"start":{"line":7,"column":21},"end":{"line":7,"column":60}},"2":{"start":{"line":8,"column":4},"end":{"line":8,"column":31}},"3":{"start":{"line":9,"column":4},"end":{"line":9,"column":26}},"4":{"start":{"line":11,"column":24},"end":{"line":11,"column":32}},"5":{"start":{"line":12,"column":4},"end":{"line":12,"column":32}},"6":{"start":{"line":13,"column":4},"end":{"line":13,"column":29}},"7":{"start":{"line":14,"column":4},"end":{"line":14,"column":42}},"8":{"start":{"line":17,"column":0},"end":{"line":19,"column":1}}},"fnMap":{"0":{"name":"_cleanAndConvertToObject","decl":{"start":{"line":1,"column":9},"end":{"line":1,"column":33}},"loc":{"start":{"line":1,"column":41},"end":{"line":3,"column":3}},"line":1},"1":{"name":"clearResponseLambda","decl":{"start":{"line":5,"column":9},"end":{"line":5,"column":28}},"loc":{"start":{"line":5,"column":36},"end":{"line":15,"column":1}},"line":5}},"branchMap":{"0":{"loc":{"start":{"line":14,"column":11},"end":{"line":14,"column":41}},"type":"binary-expr","locations":[{"start":{"line":14,"column":11},"end":{"line":14,"column":22}},{"start":{"line":14,"column":26},"end":{"line":14,"column":41}}],"line":14}},"s":{"0":2,"1":2,"2":2,"3":2,"4":2,"5":2,"6":2,"7":2,"8":4},"f":{"0":2,"1":2},"b":{"0":[2,0]},"_coverageSchema":"1a1c01bbd47fc00a2c39e90264f33305004495a9","hash":"2c977706e5269b2d5b7ab90a05a5b395166b8b76"}
}
