{"D:\\Reto\\star-wars-api\\src\\people\\Controller.js": {"path":"D:\\Reto\\star-wars-api\\src\\people\\Controller.js","statementMap":{"0":{"start":{"line":1,"column":16},"end":{"line":1,"column":37}},"1":{"start":{"line":4,"column":4},"end":{"line":4,"column":43}},"2":{"start":{"line":8,"column":4},"end":{"line":8,"column":44}},"3":{"start":{"line":11,"column":0},"end":{"line":14,"column":2}}},"fnMap":{"0":{"name":"getAllPeople","decl":{"start":{"line":3,"column":15},"end":{"line":3,"column":27}},"loc":{"start":{"line":3,"column":37},"end":{"line":5,"column":1}},"line":3},"1":{"name":"getPeopleById","decl":{"start":{"line":7,"column":15},"end":{"line":7,"column":28}},"loc":{"start":{"line":7,"column":38},"end":{"line":9,"column":1}},"line":7}},"branchMap":{},"s":{"0":2,"1":4,"2":3,"3":2},"f":{"0":4,"1":3},"b":{},"_coverageSchema":"1a1c01bbd47fc00a2c39e90264f33305004495a9","hash":"408dc68c2465c438481840f4e0b2feb688eaf19a"}
,"D:\\Reto\\star-wars-api\\src\\people\\Service.js": {"path":"D:\\Reto\\star-wars-api\\src\\people\\Service.js","statementMap":{"0":{"start":{"line":1,"column":19},"end":{"line":1,"column":42}},"1":{"start":{"line":2,"column":23},"end":{"line":2,"column":57}},"2":{"start":{"line":3,"column":26},"end":{"line":3,"column":63}},"3":{"start":{"line":6,"column":21},"end":{"line":6,"column":28}},"4":{"start":{"line":7,"column":19},"end":{"line":7,"column":58}},"5":{"start":{"line":8,"column":4},"end":{"line":13,"column":5}},"6":{"start":{"line":9,"column":8},"end":{"line":12,"column":10}},"7":{"start":{"line":14,"column":4},"end":{"line":14,"column":41}},"8":{"start":{"line":18,"column":4},"end":{"line":30,"column":5}},"9":{"start":{"line":19,"column":23},"end":{"line":19,"column":30}},"10":{"start":{"line":20,"column":23},"end":{"line":20,"column":61}},"11":{"start":{"line":21,"column":8},"end":{"line":26,"column":9}},"12":{"start":{"line":22,"column":12},"end":{"line":25,"column":14}},"13":{"start":{"line":27,"column":8},"end":{"line":27,"column":42}},"14":{"start":{"line":29,"column":8},"end":{"line":29,"column":20}},"15":{"start":{"line":33,"column":0},"end":{"line":36,"column":2}}},"fnMap":{"0":{"name":"fetchAllPeople","decl":{"start":{"line":5,"column":15},"end":{"line":5,"column":29}},"loc":{"start":{"line":5,"column":39},"end":{"line":15,"column":1}},"line":5},"1":{"name":"fetchPeopleById","decl":{"start":{"line":17,"column":15},"end":{"line":17,"column":30}},"loc":{"start":{"line":17,"column":40},"end":{"line":31,"column":1}},"line":17}},"branchMap":{"0":{"loc":{"start":{"line":8,"column":4},"end":{"line":13,"column":5}},"type":"if","locations":[{"start":{"line":8,"column":4},"end":{"line":13,"column":5}},{"start":{},"end":{}}],"line":8},"1":{"loc":{"start":{"line":21,"column":8},"end":{"line":26,"column":9}},"type":"if","locations":[{"start":{"line":21,"column":8},"end":{"line":26,"column":9}},{"start":{},"end":{}}],"line":21}},"s":{"0":2,"1":2,"2":2,"3":4,"4":4,"5":4,"6":1,"7":3,"8":3,"9":3,"10":3,"11":3,"12":1,"13":2,"14":0,"15":2},"f":{"0":4,"1":3},"b":{"0":[1,3],"1":[1,2]},"_coverageSchema":"1a1c01bbd47fc00a2c39e90264f33305004495a9","hash":"5133c20765375db07d02d865e1e971ce208ce6c5"}
,"D:\\Reto\\star-wars-api\\src\\people\\models\\AllPeopleResponse.js": {"path":"D:\\Reto\\star-wars-api\\src\\people\\models\\AllPeopleResponse.js","statementMap":{"0":{"start":{"line":1,"column":21},"end":{"line":1,"column":45}},"1":{"start":{"line":2,"column":23},"end":{"line":2,"column":50}},"2":{"start":{"line":6,"column":16},"end":{"line":15,"column":5}},"3":{"start":{"line":12,"column":32},"end":{"line":12,"column":88}},"4":{"start":{"line":12,"column":57},"end":{"line":12,"column":80}},"5":{"start":{"line":16,"column":4},"end":{"line":16,"column":35}},"6":{"start":{"line":20,"column":0},"end":{"line":20,"column":35}}},"fnMap":{"0":{"name":"(anonymous_0)","decl":{"start":{"line":5,"column":2},"end":{"line":5,"column":3}},"loc":{"start":{"line":5,"column":19},"end":{"line":17,"column":3}},"line":5},"1":{"name":"(anonymous_1)","decl":{"start":{"line":12,"column":23},"end":{"line":12,"column":24}},"loc":{"start":{"line":12,"column":32},"end":{"line":12,"column":88}},"line":12},"2":{"name":"(anonymous_2)","decl":{"start":{"line":12,"column":48},"end":{"line":12,"column":49}},"loc":{"start":{"line":12,"column":57},"end":{"line":12,"column":80}},"line":12}},"branchMap":{"0":{"loc":{"start":{"line":12,"column":32},"end":{"line":12,"column":88}},"type":"cond-expr","locations":[{"start":{"line":12,"column":40},"end":{"line":12,"column":81}},{"start":{"line":12,"column":84},"end":{"line":12,"column":88}}],"line":12}},"s":{"0":2,"1":2,"2":3,"3":3,"4":4,"5":3,"6":2},"f":{"0":3,"1":3,"2":4},"b":{"0":[2,1]},"_coverageSchema":"1a1c01bbd47fc00a2c39e90264f33305004495a9","hash":"df1f405c717348205f996a4f62a404c6ea10b06f"}
,"D:\\Reto\\star-wars-api\\src\\people\\models\\PeopleResponse.js": {"path":"D:\\Reto\\star-wars-api\\src\\people\\models\\PeopleResponse.js","statementMap":{"0":{"start":{"line":1,"column":21},"end":{"line":1,"column":45}},"1":{"start":{"line":5,"column":16},"end":{"line":23,"column":5}},"2":{"start":{"line":24,"column":4},"end":{"line":24,"column":35}},"3":{"start":{"line":28,"column":0},"end":{"line":28,"column":32}}},"fnMap":{"0":{"name":"(anonymous_0)","decl":{"start":{"line":4,"column":2},"end":{"line":4,"column":3}},"loc":{"start":{"line":4,"column":19},"end":{"line":25,"column":3}},"line":4}},"branchMap":{},"s":{"0":2,"1":6,"2":6,"3":2},"f":{"0":6},"b":{},"_coverageSchema":"1a1c01bbd47fc00a2c39e90264f33305004495a9","hash":"8d4d2983b9a907c1d03e9104dd7b5d3e63c158aa"}
,"D:\\Reto\\star-wars-api\\src\\people\\support\\Constants.js": {"path":"D:\\Reto\\star-wars-api\\src\\people\\support\\Constants.js","statementMap":{"0":{"start":{"line":1,"column":0},"end":{"line":3,"column":2}}},"fnMap":{},"branchMap":{},"s":{"0":2},"f":{},"b":{},"_coverageSchema":"1a1c01bbd47fc00a2c39e90264f33305004495a9","hash":"cce9d6152b1486dd27f6172e1cfe1d429029fc71"}
}
