TN:
SF:src\people\Controller.js
FN:3,getAllPeople
FN:7,getPeopleById
FNF:2
FNH:1
FNDA:4,getAllPeople
FNDA:0,getPeopleById
DA:1,1
DA:4,4
DA:8,0
DA:11,1
LF:4
LH:3
BRF:0
BRH:0
end_of_record
TN:
SF:src\people\DataAccess.js
FN:4,callAllPeopleAPI
FN:12,callPeopleByIdAPI
FN:19,callExternalAPI
FNF:3
FNH:0
FNDA:0,callAllPeopleAPI
FNDA:0,callPeopleByIdAPI
FNDA:0,callExternalAPI
DA:1,1
DA:2,1
DA:6,0
DA:7,0
DA:8,0
DA:9,0
DA:13,0
DA:14,0
DA:15,0
DA:16,0
DA:20,0
DA:21,0
DA:22,0
DA:23,0
DA:25,0
DA:26,0
DA:30,1
LF:17
LH:3
BRDA:6,0,0,0
BRDA:6,0,1,0
BRF:2
BRH:0
end_of_record
TN:
SF:src\people\Service.js
FN:5,fetchAllPeople
FN:17,fetchPeopleById
FNF:2
FNH:1
FNDA:4,fetchAllPeople
FNDA:0,fetchPeopleById
DA:1,1
DA:2,1
DA:3,1
DA:6,4
DA:7,4
DA:8,4
DA:9,1
DA:14,3
DA:18,0
DA:19,0
DA:20,0
DA:21,0
DA:22,0
DA:27,0
DA:29,0
DA:33,1
LF:16
LH:9
BRDA:8,0,0,1
BRDA:8,0,1,3
BRDA:21,1,0,0
BRDA:21,1,1,0
BRF:4
BRH:2
end_of_record
TN:
SF:src\people\models\AllPeopleResponse.js
FN:5,(anonymous_0)
FN:12,(anonymous_1)
FN:12,(anonymous_2)
FNF:3
FNH:3
FNDA:3,(anonymous_0)
FNDA:3,(anonymous_1)
FNDA:4,(anonymous_2)
DA:1,1
DA:2,1
DA:6,3
DA:12,4
DA:16,3
DA:20,1
LF:6
LH:6
BRDA:12,0,0,2
BRDA:12,0,1,1
BRF:2
BRH:2
end_of_record
TN:
SF:src\people\models\PeopleResponse.js
FN:4,(anonymous_0)
FNF:1
FNH:1
FNDA:4,(anonymous_0)
DA:1,1
DA:5,4
DA:24,4
DA:28,1
LF:4
LH:4
BRF:0
BRH:0
end_of_record
TN:
SF:src\people\support\Constants.js
FNF:0
FNH:0
DA:1,1
LF:1
LH:1
BRF:0
BRH:0
end_of_record
