TN:
SF:src\people\Controller.js
FN:3,getAllPeople
FN:7,getPeopleById
FNF:2
FNH:2
FNDA:4,getAllPeople
FNDA:3,getPeopleById
DA:1,2
DA:4,4
DA:8,3
DA:11,2
LF:4
LH:4
BRF:0
BRH:0
end_of_record
TN:
SF:src\people\Service.js
FN:5,fetchAllPeople
FN:23,fetchPeopleById
FNF:2
FNH:2
FNDA:4,fetchAllPeople
FNDA:3,fetchPeopleById
DA:1,2
DA:2,2
DA:3,2
DA:6,4
DA:7,4
DA:8,4
DA:9,4
DA:10,1
DA:11,1
DA:16,3
DA:18,0
DA:19,0
DA:24,3
DA:25,3
DA:26,3
DA:27,3
DA:28,1
DA:29,1
DA:34,2
DA:36,0
DA:37,0
DA:41,2
LF:22
LH:18
BRDA:9,0,0,1
BRDA:9,0,1,3
BRDA:27,1,0,1
BRDA:27,1,1,2
BRF:4
BRH:4
end_of_record
TN:
SF:src\people\models\AllPeopleResponse.js
FN:5,(anonymous_0)
FN:12,(anonymous_1)
FN:12,(anonymous_2)
FNF:3
FNH:3
FNDA:3,(anonymous_0)
FNDA:3,(anonymous_1)
FNDA:4,(anonymous_2)
DA:1,2
DA:2,2
DA:6,3
DA:12,4
DA:16,3
DA:20,2
LF:6
LH:6
BRDA:12,0,0,2
BRDA:12,0,1,1
BRF:2
BRH:2
end_of_record
TN:
SF:src\people\models\PeopleResponse.js
FN:4,(anonymous_0)
FNF:1
FNH:1
FNDA:6,(anonymous_0)
DA:1,2
DA:5,6
DA:24,6
DA:28,2
LF:4
LH:4
BRF:0
BRH:0
end_of_record
TN:
SF:src\people\support\Constants.js
FNF:0
FNH:0
DA:1,2
LF:1
LH:1
BRF:0
BRH:0
end_of_record
TN:
SF:src\planets\Controller.js
FN:4,getAllPlanets
FN:8,getPlanetById
FN:12,getPlanetByName
FN:17,addPlanet
FNF:4
FNH:4
FNDA:2,getAllPlanets
FNDA:2,getPlanetById
FNDA:3,getPlanetByName
FNDA:3,addPlanet
DA:1,4
DA:2,4
DA:5,2
DA:9,2
DA:13,3
DA:14,2
DA:18,3
DA:19,2
DA:22,4
LF:9
LH:9
BRF:0
BRH:0
end_of_record
TN:
SF:src\planets\Service.js
FN:6,fetchAllPlanets
FN:16,(anonymous_1)
FN:23,fetchPlanetById
FN:40,fetchPlanetByName
FN:57,addPlanet
FN:77,_invokeLambda
FNF:6
FNH:6
FNDA:2,fetchAllPlanets
FNDA:2,(anonymous_1)
FNDA:2,fetchPlanetById
FNDA:2,fetchPlanetByName
FNDA:2,addPlanet
FNDA:2,_invokeLambda
DA:1,4
DA:2,4
DA:3,4
DA:4,4
DA:7,2
DA:8,2
DA:9,2
DA:10,2
DA:11,1
DA:16,2
DA:18,1
DA:19,1
DA:24,2
DA:25,2
DA:26,2
DA:27,2
DA:28,1
DA:33,1
DA:35,1
DA:36,1
DA:41,2
DA:42,2
DA:43,2
DA:44,2
DA:45,1
DA:50,1
DA:52,1
DA:53,1
DA:58,2
DA:59,2
DA:60,2
DA:61,2
DA:62,2
DA:63,1
DA:68,1
DA:69,1
DA:70,1
DA:72,1
DA:73,1
DA:78,2
DA:79,2
DA:80,2
DA:82,0
DA:83,0
DA:86,4
LF:45
LH:43
BRDA:10,0,0,1
BRDA:10,0,1,1
BRDA:27,1,0,1
BRDA:27,1,1,1
BRDA:44,2,0,1
BRDA:44,2,1,1
BRDA:62,3,0,1
BRDA:62,3,1,1
BRF:8
BRH:8
end_of_record
TN:
SF:src\planets\Validation.js
FN:4,validateParamName
FN:10,validateRequestPlanet
FNF:2
FNH:2
FNDA:3,validateParamName
FNDA:3,validateRequestPlanet
DA:1,4
DA:2,4
DA:5,3
DA:8,3
DA:11,3
DA:18,3
DA:21,4
LF:7
LH:7
BRF:0
BRH:0
end_of_record
TN:
SF:src\planets\models\PlanetResponse.js
FN:3,(anonymous_0)
FN:8,(anonymous_1)
FN:12,(anonymous_2)
FNF:3
FNH:3
FNDA:5,(anonymous_0)
FNDA:5,(anonymous_1)
FNDA:5,(anonymous_2)
DA:1,4
DA:3,4
DA:4,5
DA:9,5
DA:12,5
DA:29,5
DA:33,4
LF:7
LH:7
BRDA:4,0,0,5
BRDA:4,0,1,0
BRDA:12,1,0,5
BRDA:12,1,1,0
BRF:4
BRH:2
end_of_record
TN:
SF:src\planets\support\Constants.js
FNF:0
FNH:0
DA:2,4
LF:1
LH:1
BRF:0
BRH:0
end_of_record
TN:
SF:src\planets\support\ServiceSupport.js
FN:1,_cleanAndConvertToObject
FN:5,clearResponseLambda
FNF:2
FNH:2
FNDA:2,_cleanAndConvertToObject
FNDA:2,clearResponseLambda
DA:2,2
DA:7,2
DA:8,2
DA:9,2
DA:11,2
DA:12,2
DA:13,2
DA:14,2
DA:17,4
LF:9
LH:9
BRDA:14,0,0,2
BRDA:14,0,1,0
BRF:2
BRH:1
end_of_record
